{"/Users/maicolsantos/Documents/Projects/asp-components/src/components/Card/index.tsx": {"path":"/Users/maicolsantos/Documents/Projects/asp-components/src/components/Card/index.tsx","all":false,"statementMap":{"0":{"start":{"line":1,"column":0},"end":{"line":1,"column":25}},"1":{"start":{"line":2,"column":0},"end":{"line":2,"column":0}},"2":{"start":{"line":3,"column":0},"end":{"line":3,"column":45}}},"s":{"0":1,"1":1,"2":1},"branchMap":{"0":{"type":"branch","line":3,"loc":{"start":{"line":3,"column":13},"end":{"line":3,"column":17}},"locations":[{"start":{"line":3,"column":13},"end":{"line":3,"column":17}}]},"1":{"type":"branch","line":3,"loc":{"start":{"line":3,"column":20},"end":{"line":3,"column":45}},"locations":[{"start":{"line":3,"column":20},"end":{"line":3,"column":45}}]}},"b":{"0":[1],"1":[1]},"fnMap":{"0":{"name":"get","decl":{"start":{"line":3,"column":13},"end":{"line":3,"column":17}},"loc":{"start":{"line":3,"column":13},"end":{"line":3,"column":17}},"line":3},"1":{"name":"Card","decl":{"start":{"line":3,"column":20},"end":{"line":3,"column":45}},"loc":{"start":{"line":3,"column":20},"end":{"line":3,"column":45}},"line":3}},"f":{"0":1,"1":1}}
}
