{"total": {"lines":{"total":300,"covered":300,"skipped":0,"pct":100},"statements":{"total":300,"covered":300,"skipped":0,"pct":100},"functions":{"total":35,"covered":26,"skipped":0,"pct":74.28},"branches":{"total":26,"covered":26,"skipped":0,"pct":100},"branchesTrue":{"total":0,"covered":0,"skipped":0,"pct":100}}
,"/Users/maicolsantos/Documents/Projects/asp-components/src/components/index.ts": {"lines":{"total":7,"covered":7,"skipped":0,"pct":100},"functions":{"total":7,"covered":3,"skipped":0,"pct":42.85},"statements":{"total":7,"covered":7,"skipped":0,"pct":100},"branches":{"total":3,"covered":3,"skipped":0,"pct":100}}
,"/Users/maicolsantos/Documents/Projects/asp-components/src/components/Button/index.tsx": {"lines":{"total":10,"covered":10,"skipped":0,"pct":100},"functions":{"total":2,"covered":2,"skipped":0,"pct":100},"statements":{"total":10,"covered":10,"skipped":0,"pct":100},"branches":{"total":2,"covered":2,"skipped":0,"pct":100}}
,"/Users/maicolsantos/Documents/Projects/asp-components/src/components/Button/styles.ts": {"lines":{"total":25,"covered":25,"skipped":0,"pct":100},"functions":{"total":1,"covered":1,"skipped":0,"pct":100},"statements":{"total":25,"covered":25,"skipped":0,"pct":100},"branches":{"total":1,"covered":1,"skipped":0,"pct":100}}
,"/Users/maicolsantos/Documents/Projects/asp-components/src/components/Card/index.tsx": {"lines":{"total":9,"covered":9,"skipped":0,"pct":100},"functions":{"total":2,"covered":2,"skipped":0,"pct":100},"statements":{"total":9,"covered":9,"skipped":0,"pct":100},"branches":{"total":2,"covered":2,"skipped":0,"pct":100}}
,"/Users/maicolsantos/Documents/Projects/asp-components/src/components/Flex/index.tsx": {"lines":{"total":29,"covered":29,"skipped":0,"pct":100},"functions":{"total":2,"covered":2,"skipped":0,"pct":100},"statements":{"total":29,"covered":29,"skipped":0,"pct":100},"branches":{"total":2,"covered":2,"skipped":0,"pct":100}}
,"/Users/maicolsantos/Documents/Projects/asp-components/src/components/Flex/styles.ts": {"lines":{"total":12,"covered":12,"skipped":0,"pct":100},"functions":{"total":1,"covered":1,"skipped":0,"pct":100},"statements":{"total":12,"covered":12,"skipped":0,"pct":100},"branches":{"total":1,"covered":1,"skipped":0,"pct":100}}
,"/Users/maicolsantos/Documents/Projects/asp-components/src/components/Modal/ModalContent.tsx": {"lines":{"total":12,"covered":12,"skipped":0,"pct":100},"functions":{"total":2,"covered":2,"skipped":0,"pct":100},"statements":{"total":12,"covered":12,"skipped":0,"pct":100},"branches":{"total":2,"covered":2,"skipped":0,"pct":100}}
,"/Users/maicolsantos/Documents/Projects/asp-components/src/components/Modal/ModalTrigger.tsx": {"lines":{"total":6,"covered":6,"skipped":0,"pct":100},"functions":{"total":1,"covered":1,"skipped":0,"pct":100},"statements":{"total":6,"covered":6,"skipped":0,"pct":100},"branches":{"total":1,"covered":1,"skipped":0,"pct":100}}
,"/Users/maicolsantos/Documents/Projects/asp-components/src/components/Modal/index.tsx": {"lines":{"total":13,"covered":13,"skipped":0,"pct":100},"functions":{"total":2,"covered":2,"skipped":0,"pct":100},"statements":{"total":13,"covered":13,"skipped":0,"pct":100},"branches":{"total":2,"covered":2,"skipped":0,"pct":100}}
,"/Users/maicolsantos/Documents/Projects/asp-components/src/components/Modal/styles.ts": {"lines":{"total":44,"covered":44,"skipped":0,"pct":100},"functions":{"total":3,"covered":3,"skipped":0,"pct":100},"statements":{"total":44,"covered":44,"skipped":0,"pct":100},"branches":{"total":3,"covered":3,"skipped":0,"pct":100}}
,"/Users/maicolsantos/Documents/Projects/asp-components/src/components/Text/index.tsx": {"lines":{"total":27,"covered":27,"skipped":0,"pct":100},"functions":{"total":2,"covered":2,"skipped":0,"pct":100},"statements":{"total":27,"covered":27,"skipped":0,"pct":100},"branches":{"total":2,"covered":2,"skipped":0,"pct":100}}
,"/Users/maicolsantos/Documents/Projects/asp-components/src/components/Text/styles.ts": {"lines":{"total":34,"covered":34,"skipped":0,"pct":100},"functions":{"total":2,"covered":2,"skipped":0,"pct":100},"statements":{"total":34,"covered":34,"skipped":0,"pct":100},"branches":{"total":2,"covered":2,"skipped":0,"pct":100}}
,"/Users/maicolsantos/Documents/Projects/asp-components/src/components/helpers/stitches.config.ts": {"lines":{"total":72,"covered":72,"skipped":0,"pct":100},"functions":{"total":8,"covered":3,"skipped":0,"pct":37.5},"statements":{"total":72,"covered":72,"skipped":0,"pct":100},"branches":{"total":3,"covered":3,"skipped":0,"pct":100}}
}
