TN:
SF:src/components/index.ts
FN:1,Button
FN:2,Card
FN:3,Modal
FN:4,ModalContent
FN:5,ModalTrigger
FN:6,Flex
FN:7,Text
FNF:7
FNH:3
FNDA:0,Button
FNDA:0,Card
FNDA:2,Modal
FNDA:2,ModalContent
FNDA:2,ModalTrigger
FNDA:0,Flex
FNDA:0,Text
DA:1,1
DA:2,1
DA:3,1
DA:4,1
DA:5,1
DA:6,1
DA:7,1
LF:7
LH:7
BRDA:3,0,0,2
BRDA:4,1,0,2
BRDA:5,2,0,2
BRF:3
BRH:3
end_of_record
TN:
SF:src/components/Button/index.tsx
FN:10,get
FN:4,Button
FNF:2
FNH:2
FNDA:2,get
FNDA:2,Button
DA:1,1
DA:2,1
DA:3,1
DA:4,1
DA:5,2
DA:6,2
DA:7,2
DA:8,1
DA:9,1
DA:10,1
LF:10
LH:10
BRDA:10,0,0,2
BRDA:4,1,0,2
BRF:2
BRH:2
end_of_record
TN:
SF:src/components/Button/styles.ts
FN:3,get
FNF:1
FNH:1
FNDA:2,get
DA:1,1
DA:2,1
DA:3,1
DA:4,1
DA:5,1
DA:6,1
DA:7,1
DA:8,1
DA:9,1
DA:10,1
DA:11,1
DA:12,1
DA:13,1
DA:14,1
DA:15,1
DA:16,1
DA:17,1
DA:18,1
DA:19,1
DA:20,1
DA:21,1
DA:22,1
DA:23,1
DA:24,1
DA:25,1
LF:25
LH:25
BRDA:3,0,0,2
BRF:1
BRH:1
end_of_record
TN:
SF:src/components/Card/index.tsx
FN:9,get
FN:3,Card
FNF:2
FNH:2
FNDA:2,get
FNDA:2,Card
DA:1,1
DA:2,1
DA:3,1
DA:4,2
DA:5,2
DA:6,2
DA:7,1
DA:8,1
DA:9,1
LF:9
LH:9
BRDA:9,0,0,2
BRDA:3,1,0,2
BRF:2
BRH:2
end_of_record
TN:
SF:src/components/Flex/index.tsx
FN:29,get
FN:4,Flex
FNF:2
FNH:2
FNDA:1,get
FNDA:1,Flex
DA:1,1
DA:2,1
DA:3,1
DA:4,1
DA:5,1
DA:6,1
DA:7,1
DA:8,1
DA:9,1
DA:10,1
DA:11,1
DA:12,1
DA:13,1
DA:14,1
DA:15,1
DA:16,1
DA:17,1
DA:18,1
DA:19,1
DA:20,1
DA:21,1
DA:22,1
DA:23,1
DA:24,1
DA:25,1
DA:26,1
DA:27,1
DA:28,1
DA:29,1
LF:29
LH:29
BRDA:29,0,0,1
BRDA:4,1,0,1
BRF:2
BRH:2
end_of_record
TN:
SF:src/components/Flex/styles.ts
FN:3,get
FNF:1
FNH:1
FNDA:1,get
DA:1,1
DA:2,1
DA:3,1
DA:4,1
DA:5,1
DA:6,1
DA:7,1
DA:8,1
DA:9,1
DA:10,1
DA:11,1
DA:12,1
LF:12
LH:12
BRDA:3,0,0,1
BRF:1
BRH:1
end_of_record
TN:
SF:src/components/Modal/ModalContent.tsx
FN:12,get
FN:4,ModalContent
FNF:2
FNH:2
FNDA:2,get
FNDA:2,ModalContent
DA:1,1
DA:2,1
DA:3,1
DA:4,1
DA:5,2
DA:6,2
DA:7,2
DA:8,2
DA:9,2
DA:10,1
DA:11,1
DA:12,1
LF:12
LH:12
BRDA:12,0,0,2
BRDA:4,1,0,2
BRF:2
BRH:2
end_of_record
TN:
SF:src/components/Modal/ModalTrigger.tsx
FN:6,get
FNF:1
FNH:1
FNDA:2,get
DA:1,1
DA:2,1
DA:3,1
DA:4,1
DA:5,1
DA:6,1
LF:6
LH:6
BRDA:6,0,0,2
BRF:1
BRH:1
end_of_record
TN:
SF:src/components/Modal/index.tsx
FN:13,get
FN:6,Modal
FNF:2
FNH:2
FNDA:2,get
FNDA:2,Modal
DA:1,1
DA:2,1
DA:3,1
DA:4,1
DA:5,1
DA:6,1
DA:7,2
DA:8,2
DA:9,2
DA:10,2
DA:11,1
DA:12,1
DA:13,1
LF:13
LH:13
BRDA:13,0,0,2
BRDA:6,1,0,2
BRF:2
BRH:2
end_of_record
TN:
SF:src/components/Modal/styles.ts
FN:15,ModalWrapper
FN:17,ModalOverlay
FN:27,ModalContainer
FNF:3
FNH:3
FNDA:2,ModalWrapper
FNDA:2,ModalOverlay
FNDA:2,ModalContainer
DA:1,1
DA:2,1
DA:3,1
DA:4,1
DA:5,1
DA:6,1
DA:7,1
DA:8,1
DA:9,1
DA:10,1
DA:11,1
DA:12,1
DA:13,1
DA:14,1
DA:15,1
DA:16,1
DA:17,1
DA:18,1
DA:19,1
DA:20,1
DA:21,1
DA:22,1
DA:23,1
DA:24,1
DA:25,1
DA:26,1
DA:27,1
DA:28,1
DA:29,1
DA:30,1
DA:31,1
DA:32,1
DA:33,1
DA:34,1
DA:35,1
DA:36,1
DA:37,1
DA:38,1
DA:39,1
DA:40,1
DA:41,1
DA:42,1
DA:43,1
DA:44,1
LF:44
LH:44
BRDA:15,0,0,2
BRDA:17,1,0,2
BRDA:27,2,0,2
BRF:3
BRH:3
end_of_record
TN:
SF:src/components/Text/index.tsx
FN:27,get
FN:5,Text
FNF:2
FNH:2
FNDA:13,get
FNDA:13,Text
DA:1,1
DA:2,1
DA:3,1
DA:4,1
DA:5,1
DA:6,13
DA:7,13
DA:8,13
DA:9,13
DA:10,13
DA:11,13
DA:12,13
DA:13,13
DA:14,13
DA:15,13
DA:16,13
DA:17,13
DA:18,13
DA:19,13
DA:20,13
DA:21,13
DA:22,13
DA:23,13
DA:24,13
DA:25,13
DA:26,1
DA:27,1
LF:27
LH:27
BRDA:27,0,0,13
BRDA:5,1,0,13
BRF:2
BRH:2
end_of_record
TN:
SF:src/components/Text/styles.ts
FN:4,get
FN:4,StyledText
FNF:2
FNH:2
FNDA:13,get
FNDA:13,StyledText
DA:1,1
DA:2,1
DA:3,1
DA:4,1
DA:5,13
DA:6,13
DA:7,13
DA:8,13
DA:9,13
DA:10,13
DA:11,13
DA:12,13
DA:13,13
DA:14,13
DA:15,13
DA:16,13
DA:17,13
DA:18,13
DA:19,13
DA:20,13
DA:21,13
DA:22,13
DA:23,13
DA:24,13
DA:25,13
DA:26,13
DA:27,13
DA:28,13
DA:29,13
DA:30,13
DA:31,13
DA:32,13
DA:33,13
DA:34,13
LF:34
LH:34
BRDA:4,0,0,13
BRDA:4,1,0,13
BRF:2
BRH:2
end_of_record
TN:
SF:src/components/helpers/stitches.config.ts
FN:4,styled
FN:5,css
FN:6,globalCss
FN:7,keyframes
FN:8,getCssText
FN:9,theme
FN:10,createTheme
FN:11,config
FNF:8
FNH:3
FNDA:20,styled
FNDA:0,css
FNDA:0,globalCss
FNDA:2,keyframes
FNDA:0,getCssText
FNDA:13,theme
FNDA:0,createTheme
FNDA:0,config
DA:1,1
DA:2,1
DA:3,1
DA:4,1
DA:5,1
DA:6,1
DA:7,1
DA:8,1
DA:9,1
DA:10,1
DA:11,1
DA:12,1
DA:13,1
DA:14,1
DA:15,1
DA:16,1
DA:17,1
DA:18,1
DA:19,1
DA:20,1
DA:21,1
DA:22,1
DA:23,1
DA:24,1
DA:25,1
DA:26,1
DA:27,1
DA:28,1
DA:29,1
DA:30,1
DA:31,1
DA:32,1
DA:33,1
DA:34,1
DA:35,1
DA:36,1
DA:37,1
DA:38,1
DA:39,1
DA:40,1
DA:41,1
DA:42,1
DA:43,1
DA:44,1
DA:45,1
DA:46,1
DA:47,1
DA:48,1
DA:49,1
DA:50,1
DA:51,1
DA:52,1
DA:53,1
DA:54,1
DA:55,1
DA:56,1
DA:57,1
DA:58,1
DA:59,1
DA:60,1
DA:61,1
DA:62,1
DA:63,1
DA:64,1
DA:65,1
DA:66,1
DA:67,1
DA:68,1
DA:69,1
DA:70,1
DA:71,1
DA:72,1
LF:72
LH:72
BRDA:4,0,0,20
BRDA:7,1,0,2
BRDA:9,2,0,13
BRF:3
BRH:3
end_of_record
